2025-04-17 10:58:14,327 - ContextDetectiveClient - INFO - MCP Client Log file created at: logs\mcp_client_20250417_105814.log
2025-04-17 10:58:14,335 - ContextDetectiveClient - INFO - Starting context analysis...
2025-04-17 10:58:14,625 - ContextDetectiveClient - INFO - SSE Connection established.
2025-04-17 10:58:14,640 - ContextDetectiveClient - INFO - MCP Session initialized.
2025-04-17 10:58:14,662 - ContextDetectiveClient - INFO - Retrieved system prompt from server.
2025-04-17 10:58:14,663 - ContextDetectiveClient - INFO - --- Starting Agent Iteration 1 ---
2025-04-17 10:58:14,664 - ContextDetectiveClient - INFO - ❌ Error during agent iteration 1: module 'google.genai' has no attribute 'configure'
2025-04-17 10:58:14,665 - ContextDetectiveClient - ERROR - Error during agent iteration 1: module 'google.genai' has no attribute 'configure'
Traceback (most recent call last):
  File "C:\Users\cydal\codebase\EAG\ContextDetective\app.py", line 669, in run_context_analysis
    agent_response = generate_agent_step(
                     ^^^^^^^^^^^^^^^^^^^^
  File "C:\Users\cydal\codebase\EAG\ContextDetective\app.py", line 179, in generate_agent_step
    genai.configure(api_key=os.getenv("GEMINI_API_KEY"))
    ^^^^^^^^^^^^^^^
AttributeError: module 'google.genai' has no attribute 'configure'
2025-04-17 10:58:14,666 - ContextDetectiveClient - INFO - --- Starting Agent Iteration 2 ---
2025-04-17 10:58:14,667 - ContextDetectiveClient - INFO - ❌ Error during agent iteration 2: module 'google.genai' has no attribute 'configure'
2025-04-17 10:58:14,668 - ContextDetectiveClient - ERROR - Error during agent iteration 2: module 'google.genai' has no attribute 'configure'
Traceback (most recent call last):
  File "C:\Users\cydal\codebase\EAG\ContextDetective\app.py", line 669, in run_context_analysis
    agent_response = generate_agent_step(
                     ^^^^^^^^^^^^^^^^^^^^
  File "C:\Users\cydal\codebase\EAG\ContextDetective\app.py", line 179, in generate_agent_step
    genai.configure(api_key=os.getenv("GEMINI_API_KEY"))
    ^^^^^^^^^^^^^^^
AttributeError: module 'google.genai' has no attribute 'configure'
2025-04-17 10:58:14,669 - ContextDetectiveClient - INFO - --- Starting Agent Iteration 3 ---
2025-04-17 10:58:14,671 - ContextDetectiveClient - INFO - ❌ Error during agent iteration 3: module 'google.genai' has no attribute 'configure'
2025-04-17 10:58:14,672 - ContextDetectiveClient - ERROR - Error during agent iteration 3: module 'google.genai' has no attribute 'configure'
Traceback (most recent call last):
  File "C:\Users\cydal\codebase\EAG\ContextDetective\app.py", line 669, in run_context_analysis
    agent_response = generate_agent_step(
                     ^^^^^^^^^^^^^^^^^^^^
  File "C:\Users\cydal\codebase\EAG\ContextDetective\app.py", line 179, in generate_agent_step
    genai.configure(api_key=os.getenv("GEMINI_API_KEY"))
    ^^^^^^^^^^^^^^^
AttributeError: module 'google.genai' has no attribute 'configure'
2025-04-17 10:58:14,673 - ContextDetectiveClient - INFO - --- Starting Agent Iteration 4 ---
2025-04-17 10:58:14,675 - ContextDetectiveClient - INFO - ❌ Error during agent iteration 4: module 'google.genai' has no attribute 'configure'
2025-04-17 10:58:14,675 - ContextDetectiveClient - ERROR - Error during agent iteration 4: module 'google.genai' has no attribute 'configure'
Traceback (most recent call last):
  File "C:\Users\cydal\codebase\EAG\ContextDetective\app.py", line 669, in run_context_analysis
    agent_response = generate_agent_step(
                     ^^^^^^^^^^^^^^^^^^^^
  File "C:\Users\cydal\codebase\EAG\ContextDetective\app.py", line 179, in generate_agent_step
    genai.configure(api_key=os.getenv("GEMINI_API_KEY"))
    ^^^^^^^^^^^^^^^
AttributeError: module 'google.genai' has no attribute 'configure'
2025-04-17 10:58:14,675 - ContextDetectiveClient - INFO - --- Starting Agent Iteration 5 ---
2025-04-17 10:58:14,677 - ContextDetectiveClient - INFO - ❌ Error during agent iteration 5: module 'google.genai' has no attribute 'configure'
2025-04-17 10:58:14,677 - ContextDetectiveClient - ERROR - Error during agent iteration 5: module 'google.genai' has no attribute 'configure'
Traceback (most recent call last):
  File "C:\Users\cydal\codebase\EAG\ContextDetective\app.py", line 669, in run_context_analysis
    agent_response = generate_agent_step(
                     ^^^^^^^^^^^^^^^^^^^^
  File "C:\Users\cydal\codebase\EAG\ContextDetective\app.py", line 179, in generate_agent_step
    genai.configure(api_key=os.getenv("GEMINI_API_KEY"))
    ^^^^^^^^^^^^^^^
AttributeError: module 'google.genai' has no attribute 'configure'
2025-04-17 10:58:14,679 - ContextDetectiveClient - INFO - --- Starting Agent Iteration 6 ---
2025-04-17 10:58:14,679 - ContextDetectiveClient - INFO - ❌ Error during agent iteration 6: module 'google.genai' has no attribute 'configure'
2025-04-17 10:58:14,680 - ContextDetectiveClient - ERROR - Error during agent iteration 6: module 'google.genai' has no attribute 'configure'
Traceback (most recent call last):
  File "C:\Users\cydal\codebase\EAG\ContextDetective\app.py", line 669, in run_context_analysis
    agent_response = generate_agent_step(
                     ^^^^^^^^^^^^^^^^^^^^
  File "C:\Users\cydal\codebase\EAG\ContextDetective\app.py", line 179, in generate_agent_step
    genai.configure(api_key=os.getenv("GEMINI_API_KEY"))
    ^^^^^^^^^^^^^^^
AttributeError: module 'google.genai' has no attribute 'configure'
2025-04-17 10:58:14,681 - ContextDetectiveClient - INFO - --- Starting Agent Iteration 7 ---
2025-04-17 10:58:14,683 - ContextDetectiveClient - INFO - Approaching max iterations. Still need to complete: describe_visual_elements, describe_style_or_aesthetics, describe_possible_scenario, generate_search_terms, search_web, infer_context
2025-04-17 10:58:14,684 - ContextDetectiveClient - INFO - ❌ Error during agent iteration 7: module 'google.genai' has no attribute 'configure'
2025-04-17 10:58:14,684 - ContextDetectiveClient - ERROR - Error during agent iteration 7: module 'google.genai' has no attribute 'configure'
Traceback (most recent call last):
  File "C:\Users\cydal\codebase\EAG\ContextDetective\app.py", line 669, in run_context_analysis
    agent_response = generate_agent_step(
                     ^^^^^^^^^^^^^^^^^^^^
  File "C:\Users\cydal\codebase\EAG\ContextDetective\app.py", line 179, in generate_agent_step
    genai.configure(api_key=os.getenv("GEMINI_API_KEY"))
    ^^^^^^^^^^^^^^^
AttributeError: module 'google.genai' has no attribute 'configure'
2025-04-17 10:58:14,685 - ContextDetectiveClient - INFO - --- Starting Agent Iteration 8 ---
2025-04-17 10:58:14,686 - ContextDetectiveClient - INFO - Approaching max iterations. Still need to complete: describe_visual_elements, describe_style_or_aesthetics, describe_possible_scenario, generate_search_terms, search_web, infer_context
2025-04-17 10:58:14,688 - ContextDetectiveClient - INFO - ❌ Error during agent iteration 8: module 'google.genai' has no attribute 'configure'
2025-04-17 10:58:14,688 - ContextDetectiveClient - ERROR - Error during agent iteration 8: module 'google.genai' has no attribute 'configure'
Traceback (most recent call last):
  File "C:\Users\cydal\codebase\EAG\ContextDetective\app.py", line 669, in run_context_analysis
    agent_response = generate_agent_step(
                     ^^^^^^^^^^^^^^^^^^^^
  File "C:\Users\cydal\codebase\EAG\ContextDetective\app.py", line 179, in generate_agent_step
    genai.configure(api_key=os.getenv("GEMINI_API_KEY"))
    ^^^^^^^^^^^^^^^
AttributeError: module 'google.genai' has no attribute 'configure'
2025-04-17 10:58:14,690 - ContextDetectiveClient - INFO - --- Starting Agent Iteration 9 ---
2025-04-17 10:58:14,692 - ContextDetectiveClient - INFO - Approaching max iterations. Still need to complete: describe_visual_elements, describe_style_or_aesthetics, describe_possible_scenario, generate_search_terms, search_web, infer_context
2025-04-17 10:58:14,694 - ContextDetectiveClient - INFO - ❌ Error during agent iteration 9: module 'google.genai' has no attribute 'configure'
2025-04-17 10:58:14,694 - ContextDetectiveClient - ERROR - Error during agent iteration 9: module 'google.genai' has no attribute 'configure'
Traceback (most recent call last):
  File "C:\Users\cydal\codebase\EAG\ContextDetective\app.py", line 669, in run_context_analysis
    agent_response = generate_agent_step(
                     ^^^^^^^^^^^^^^^^^^^^
  File "C:\Users\cydal\codebase\EAG\ContextDetective\app.py", line 179, in generate_agent_step
    genai.configure(api_key=os.getenv("GEMINI_API_KEY"))
    ^^^^^^^^^^^^^^^
AttributeError: module 'google.genai' has no attribute 'configure'
2025-04-17 10:58:14,695 - ContextDetectiveClient - INFO - --- Starting Agent Iteration 10 ---
2025-04-17 10:58:14,697 - ContextDetectiveClient - INFO - Approaching max iterations. Still need to complete: describe_visual_elements, describe_style_or_aesthetics, describe_possible_scenario, generate_search_terms, search_web, infer_context
2025-04-17 10:58:14,698 - ContextDetectiveClient - INFO - ❌ Error during agent iteration 10: module 'google.genai' has no attribute 'configure'
2025-04-17 10:58:14,698 - ContextDetectiveClient - ERROR - Error during agent iteration 10: module 'google.genai' has no attribute 'configure'
Traceback (most recent call last):
  File "C:\Users\cydal\codebase\EAG\ContextDetective\app.py", line 669, in run_context_analysis
    agent_response = generate_agent_step(
                     ^^^^^^^^^^^^^^^^^^^^
  File "C:\Users\cydal\codebase\EAG\ContextDetective\app.py", line 179, in generate_agent_step
    genai.configure(api_key=os.getenv("GEMINI_API_KEY"))
    ^^^^^^^^^^^^^^^
AttributeError: module 'google.genai' has no attribute 'configure'
2025-04-17 10:58:14,699 - ContextDetectiveClient - INFO - Reached maximum iterations. Stopping.
2025-04-17 10:58:14,699 - ContextDetectiveClient - INFO - Warning: Analysis incomplete. Missing tools: describe_visual_elements, describe_style_or_aesthetics, describe_possible_scenario, generate_search_terms, search_web, infer_context
2025-04-17 10:58:14,700 - ContextDetectiveClient - INFO - Workflow finished without a FINAL_ANSWER. Generating one based on available data.
2025-04-17 10:58:14,701 - ContextDetectiveClient - INFO - Analysis complete.
2025-04-17 10:58:14,703 - ContextDetectiveClient - INFO - Final JSON parsed and validated successfully.
